<?xml version="1.0" encoding="UTF-8"?>
<!-- Generated by org.testng.reporters.JUnitReportReporter -->
<testsuite hostname="Sangamesh123" failures="0" tests="1" name="RequestChaining.UsingRequestChaining" time="13.871" errors="0" timestamp="2022-09-05T23:46:53 IST" skipped="0">
  <testcase classname="RequestChaining.UsingRequestChaining" name="request" time="13.871"/>
  <system-out/>
</testsuite> <!-- RequestChaining.UsingRequestChaining -->
