<?xml version="1.0" encoding="UTF-8"?>
<!-- Generated by org.testng.reporters.JUnitReportReporter -->
<testsuite hostname="Sangamesh123" failures="0" tests="1" name="staticAndDynamicValidation.StaticValidation" time="8.212" errors="0" timestamp="2022-09-05T13:33:20 IST" skipped="0">
  <testcase classname="staticAndDynamicValidation.StaticValidation" name="validation" time="8.212"/>
  <system-out/>
</testsuite> <!-- staticAndDynamicValidation.StaticValidation -->
