<?xml version="1.0" encoding="UTF-8"?>
<!-- Generated by org.testng.reporters.JUnitReportReporter -->
<testsuite hostname="Sangamesh123" failures="0" tests="1" name="crudOperaationsWithBDD.ReadAll" time="10.152" errors="0" timestamp="2022-09-06T16:21:22 IST" skipped="0">
  <testcase classname="crudOperaationsWithBDD.ReadAll" name="Read" time="10.152"/>
  <system-out/>
</testsuite> <!-- crudOperaationsWithBDD.ReadAll -->
