<?xml version="1.0" encoding="UTF-8"?>
<!-- Generated by org.testng.reporters.JUnitReportReporter -->
<testsuite hostname="Sangamesh123" failures="0" tests="1" name="RequestChaining.PathParm" time="6.719" errors="0" timestamp="2022-09-06T12:07:37 IST" skipped="0">
  <testcase classname="RequestChaining.PathParm" name="Path" time="6.719"/>
  <system-out/>
</testsuite> <!-- RequestChaining.PathParm -->
