<?xml version="1.0" encoding="UTF-8"?>
<!-- Generated by org.testng.reporters.JUnitReportReporter -->
<testsuite hostname="Sangamesh123" failures="0" tests="1" name="reqres.assignments.createForReqresUsingJsonObjectwithBDD" time="11.358" errors="0" timestamp="2022-09-05T11:18:45 IST" skipped="0">
  <testcase classname="reqres.assignments.createForReqresUsingJsonObjectwithBDD" name="create" time="11.358"/>
  <system-out/>
</testsuite> <!-- reqres.assignments.createForReqresUsingJsonObjectwithBDD -->
