<?xml version="1.0" encoding="UTF-8"?>
<!-- Generated by org.testng.reporters.JUnitReportReporter -->
<testsuite hostname="Sangamesh123" failures="0" tests="1" name="crudOperaationsWithBDD.ReadParticulerProject" time="6.058" errors="0" timestamp="2022-09-02T15:44:11 IST" skipped="0">
  <testcase classname="crudOperaationsWithBDD.ReadParticulerProject" name="Read" time="6.058"/>
  <system-out/>
</testsuite> <!-- crudOperaationsWithBDD.ReadParticulerProject -->
