<?xml version="1.0" encoding="UTF-8"?>
<!-- Generated by org.testng.reporters.JUnitReportReporter -->
<testsuite hostname="Sangamesh123" failures="0" tests="1" name="authentication.Oath2Authentication" time="10.991" errors="0" timestamp="2022-09-06T15:20:13 IST" skipped="0">
  <testcase classname="authentication.Oath2Authentication" name="Oath2" time="10.991"/>
  <system-out/>
</testsuite> <!-- authentication.Oath2Authentication -->
