<?xml version="1.0" encoding="UTF-8"?>
<!-- Generated by org.testng.reporters.JUnitReportReporter -->
<testsuite hostname="Sangamesh123" failures="0" tests="1" name="staticAndDynamicValidation.TimeValidation" time="6.343" errors="0" timestamp="2022-09-05T15:26:12 IST" skipped="0">
  <testcase classname="staticAndDynamicValidation.TimeValidation" name="timeValidation" time="6.343"/>
  <system-out/>
</testsuite> <!-- staticAndDynamicValidation.TimeValidation -->
