<?xml version="1.0" encoding="UTF-8"?>
<!-- Generated by org.testng.reporters.JUnitReportReporter -->
<testsuite hostname="Sangamesh123" failures="0" tests="1" name="reqres.assignments.PartialUpdate" time="10.710" errors="0" timestamp="2022-09-05T12:34:59 IST" skipped="0">
  <testcase classname="reqres.assignments.PartialUpdate" name="partialUpdate" time="10.710"/>
  <system-out/>
</testsuite> <!-- reqres.assignments.PartialUpdate -->
