<?xml version="1.0" encoding="UTF-8"?>
<!-- Generated by org.testng.reporters.JUnitReportReporter -->
<testsuite hostname="Sangamesh123" failures="0" tests="1" name="reqres.assignments.Update" time="9.986" errors="0" timestamp="2022-09-05T11:40:10 IST" skipped="0">
  <testcase classname="reqres.assignments.Update" name="update" time="9.986"/>
  <system-out/>
</testsuite> <!-- reqres.assignments.Update -->
