<?xml version="1.0" encoding="UTF-8"?>
<!-- Generated by org.testng.reporters.JUnitReportReporter -->
<testsuite hostname="Sangamesh123" failures="0" tests="1" name="crudOperationWithoutBDD.ReadAll" time="5.751" errors="0" timestamp="2022-09-05T12:45:57 IST" skipped="0">
  <testcase classname="crudOperationWithoutBDD.ReadAll" name="readAllProject" time="5.751"/>
  <system-out/>
</testsuite> <!-- crudOperationWithoutBDD.ReadAll -->
