<?xml version="1.0" encoding="UTF-8"?>
<!-- Generated by org.testng.reporters.JUnitReportReporter -->
<testsuite hostname="Sangamesh123" failures="0" tests="1" name="authentication.BarearToken" time="8.383" errors="0" timestamp="2022-09-06T13:04:00 IST" skipped="0">
  <testcase classname="authentication.BarearToken" name="basic" time="8.383"/>
  <system-out/>
</testsuite> <!-- authentication.BarearToken -->
