<?xml version="1.0" encoding="UTF-8"?>
<!-- Generated by org.testng.reporters.JUnitReportReporter -->
<testsuite hostname="Sangamesh123" failures="0" tests="1" name="UsingGenericMethods.UsingJsonFile" time="6.343" errors="0" timestamp="2022-09-03T11:46:10 IST" skipped="0">
  <testcase classname="UsingGenericMethods.UsingJsonFile" name="create" time="6.343"/>
  <system-out/>
</testsuite> <!-- UsingGenericMethods.UsingJsonFile -->
