<?xml version="1.0" encoding="UTF-8"?>
<!-- Generated by org.testng.reporters.JUnitReportReporter -->
<testsuite hostname="Sangamesh123" failures="0" tests="1" name="authentication.BasicAuth" time="8.863" errors="0" timestamp="2022-09-06T12:29:16 IST" skipped="0">
  <testcase classname="authentication.BasicAuth" name="basic" time="8.863"/>
  <system-out/>
</testsuite> <!-- authentication.BasicAuth -->
