<?xml version="1.0" encoding="UTF-8"?>
<!-- Generated by org.testng.reporters.JUnitReportReporter -->
<testsuite hostname="Sangamesh123" failures="0" tests="1" name="UsingGenericutility.Create" time="12.020" errors="0" timestamp="2022-09-07T12:48:34 IST" skipped="0">
  <testcase classname="UsingGenericutility.Create" name="create" time="12.020"/>
  <system-out/>
</testsuite> <!-- UsingGenericutility.Create -->
