<?xml version="1.0" encoding="UTF-8"?>
<!-- Generated by org.testng.reporters.JUnitReportReporter -->
<testsuite hostname="Sangamesh123" failures="0" tests="2" name="UsingGenericutility.EndToEndTestCase" time="35.844" errors="0" timestamp="2022-09-07T18:22:42 IST" skipped="0">
  <testcase classname="UsingGenericutility.EndToEndTestCase" name="deleted" time="9.929"/>
  <system-out/>
  <testcase classname="UsingGenericutility.EndToEndTestCase" name="created" time="25.915"/>
  <system-out/>
</testsuite> <!-- UsingGenericutility.EndToEndTestCase -->
