<?xml version="1.0" encoding="UTF-8"?>
<!-- Generated by org.testng.reporters.JUnitReportReporter -->
<testsuite hostname="Sangamesh123" failures="0" tests="1" name="RequestChaining.RequestChaining" time="40.187" errors="0" timestamp="2022-09-06T00:36:33 IST" skipped="0">
  <testcase classname="RequestChaining.RequestChaining" name="chainig" time="40.187"/>
  <system-out/>
</testsuite> <!-- RequestChaining.RequestChaining -->
