<?xml version="1.0" encoding="UTF-8"?>
<!-- Generated by org.testng.reporters.JUnitReportReporter -->
<testsuite hostname="Sangamesh123" failures="0" tests="1" name="reqres.assignments.createForReqres" time="10.311" errors="0" timestamp="2022-09-05T11:05:01 IST" skipped="0">
  <testcase classname="reqres.assignments.createForReqres" name="create" time="10.311"/>
  <system-out/>
</testsuite> <!-- reqres.assignments.createForReqres -->
