<?xml version="1.0" encoding="UTF-8"?>
<!-- Generated by org.testng.reporters.JUnitReportReporter -->
<testsuite hostname="Sangamesh123" failures="0" tests="1" name="UsingGenericutility.EndToEndTesting" time="30.081" errors="0" timestamp="2022-09-07T15:14:51 IST" skipped="0">
  <testcase classname="UsingGenericutility.EndToEndTesting" name="chainig" time="30.081"/>
  <system-out/>
</testsuite> <!-- UsingGenericutility.EndToEndTesting -->
