<?xml version="1.0" encoding="UTF-8"?>
<!-- Generated by org.testng.reporters.JUnitReportReporter -->
<testsuite hostname="Sangamesh123" failures="0" tests="1" name="crudOperaationsWithBDD.UpdateProject" time="8.342" errors="0" timestamp="2022-09-02T15:37:34 IST" skipped="0">
  <testcase classname="crudOperaationsWithBDD.UpdateProject" name="create" time="8.342"/>
  <system-out/>
</testsuite> <!-- crudOperaationsWithBDD.UpdateProject -->
