<?xml version="1.0" encoding="UTF-8"?>
<!-- Generated by org.testng.reporters.JUnitReportReporter -->
<testsuite hostname="Sangamesh123" failures="0" tests="1" name="authentication.Oath2" time="12.066" errors="0" timestamp="2022-09-06T16:04:20 IST" skipped="0">
  <testcase classname="authentication.Oath2" name="Oath2ToCreate" time="12.066"/>
  <system-out/>
</testsuite> <!-- authentication.Oath2 -->
