<?xml version="1.0" encoding="UTF-8"?>
<!-- Generated by org.testng.reporters.JUnitReportReporter -->
<testsuite hostname="Sangamesh123" failures="0" tests="1" name="crudOperationWithoutBDD.AddProject" time="6.371" errors="0" timestamp="2022-09-01T17:36:52 IST" skipped="0">
  <testcase classname="crudOperationWithoutBDD.AddProject" name="Create" time="6.371"/>
  <system-out/>
</testsuite> <!-- crudOperationWithoutBDD.AddProject -->
