<?xml version="1.0" encoding="UTF-8"?>
<!-- Generated by org.testng.reporters.JUnitReportReporter -->
<testsuite hostname="Sangamesh123" failures="0" tests="1" name="authentication.CooopsOath2" time="10.415" errors="0" timestamp="2022-09-06T15:45:00 IST" skipped="0">
  <testcase classname="authentication.CooopsOath2" name="Oath2ToCreate" time="10.415"/>
  <system-out/>
</testsuite> <!-- authentication.CooopsOath2 -->
