<?xml version="1.0" encoding="UTF-8"?>
<!-- Generated by org.testng.reporters.JUnitReportReporter -->
<testsuite hostname="Sangamesh123" failures="0" tests="1" name="swaggerPetstore.Delete" time="9.521" errors="0" timestamp="2022-09-06T17:44:02 IST" skipped="0">
  <testcase classname="swaggerPetstore.Delete" name="delete" time="9.521"/>
  <system-out/>
</testsuite> <!-- swaggerPetstore.Delete -->
