<?xml version="1.0" encoding="UTF-8"?>
<!-- Generated by org.testng.reporters.JUnitReportReporter -->
<testsuite hostname="Sangamesh123" failures="0" tests="1" name="staticAndDynamicValidation.DynamicValidation" time="7.986" errors="0" timestamp="2022-09-05T13:17:22 IST" skipped="0">
  <testcase classname="staticAndDynamicValidation.DynamicValidation" name="dynamic" time="7.986"/>
  <system-out/>
</testsuite> <!-- staticAndDynamicValidation.DynamicValidation -->
