<?xml version="1.0" encoding="UTF-8"?>
<!-- Generated by org.testng.reporters.JUnitReportReporter -->
<testsuite hostname="Sangamesh123" failures="0" tests="1" name="reqres.assignments.ReadReqres" time="8.080" errors="0" timestamp="2022-09-05T11:29:05 IST" skipped="0">
  <testcase classname="reqres.assignments.ReadReqres" name="read" time="8.080"/>
  <system-out/>
</testsuite> <!-- reqres.assignments.ReadReqres -->
