<?xml version="1.0" encoding="UTF-8"?>
<!-- Generated by org.testng.reporters.JUnitReportReporter -->
<testsuite hostname="Sangamesh123" failures="0" tests="1" name="reqres.assignments.ReadParticulerProject" time="8.647" errors="0" timestamp="2022-09-05T11:37:08 IST" skipped="0">
  <testcase classname="reqres.assignments.ReadParticulerProject" name="readOneProject" time="8.647"/>
  <system-out/>
</testsuite> <!-- reqres.assignments.ReadParticulerProject -->
