<?xml version="1.0" encoding="UTF-8"?>
<!-- Generated by org.testng.reporters.JUnitReportReporter -->
<testsuite hostname="Sangamesh123" failures="0" tests="1" name="swaggerPetstore.Create" time="8.744" errors="0" timestamp="2022-09-06T17:22:40 IST" skipped="0">
  <testcase classname="swaggerPetstore.Create" name="create" time="8.744"/>
  <system-out/>
</testsuite> <!-- swaggerPetstore.Create -->
