<?xml version="1.0" encoding="UTF-8"?>
<!-- Generated by org.testng.reporters.JUnitReportReporter -->
<testsuite hostname="Sangamesh123" failures="0" tests="1" name="crudOperaationsWithBDD.AddProject" time="7.940" errors="0" timestamp="2022-09-02T15:55:10 IST" skipped="0">
  <testcase classname="crudOperaationsWithBDD.AddProject" name="create" time="7.940"/>
  <system-out/>
</testsuite> <!-- crudOperaationsWithBDD.AddProject -->
