<?xml version="1.0" encoding="UTF-8"?>
<!-- Generated by org.testng.reporters.JUnitReportReporter -->
<testsuite hostname="Sangamesh123" failures="0" tests="4" name="dataProviderAPI.UsingDataproviderCreateProject" time="6.689" errors="0" timestamp="2022-09-03T13:06:00 IST" skipped="0">
  <testcase classname="dataProviderAPI.UsingDataproviderCreateProject" name="create" time="0.157"/>
  <system-out/>
  <testcase classname="dataProviderAPI.UsingDataproviderCreateProject" name="create" time="0.072"/>
  <system-out/>
  <testcase classname="dataProviderAPI.UsingDataproviderCreateProject" name="create" time="6.349"/>
  <system-out/>
  <testcase classname="dataProviderAPI.UsingDataproviderCreateProject" name="create" time="0.111"/>
  <system-out/>
</testsuite> <!-- dataProviderAPI.UsingDataproviderCreateProject -->
