<?xml version="1.0" encoding="UTF-8"?>
<!-- Generated by org.testng.reporters.JUnitReportReporter -->
<testsuite hostname="Sangamesh123" failures="0" tests="1" name="UsingJsonObject111" time="7.247" errors="0" timestamp="2022-09-02T17:50:20 IST" skipped="0">
  <testcase classname="UsingJsonObject111" name="create" time="7.247"/>
  <system-out/>
</testsuite> <!-- UsingJsonObject111 -->
