<?xml version="1.0" encoding="UTF-8"?>
<!-- Generated by org.testng.reporters.JUnitReportReporter -->
<testsuite hostname="Sangamesh123" failures="0" tests="1" name="swaggerPetstore.Update" time="7.726" errors="0" timestamp="2022-09-06T17:32:54 IST" skipped="0">
  <testcase classname="swaggerPetstore.Update" name="create" time="7.726"/>
  <system-out/>
</testsuite> <!-- swaggerPetstore.Update -->
