<?xml version="1.0" encoding="UTF-8"?>
<!-- Generated by org.testng.reporters.JUnitReportReporter -->
<testsuite hostname="Sangamesh123" failures="0" tests="1" name="crudOperaationsWithBDD.Read" time="6.711" errors="0" timestamp="2022-09-02T15:41:48 IST" skipped="0">
  <testcase classname="crudOperaationsWithBDD.Read" name="Read" time="6.711"/>
  <system-out/>
</testsuite> <!-- crudOperaationsWithBDD.Read -->
