<?xml version="1.0" encoding="UTF-8"?>
<!-- Generated by org.testng.reporters.JUnitReportReporter -->
<testsuite hostname="Sangamesh123" failures="0" tests="1" name="UsingGenericutility.BasicAuthUsingGeneric" time="9.237" errors="0" timestamp="2022-09-07T13:02:52 IST" skipped="0">
  <testcase classname="UsingGenericutility.BasicAuthUsingGeneric" name="basic" time="9.237"/>
  <system-out/>
</testsuite> <!-- UsingGenericutility.BasicAuthUsingGeneric -->
