<?xml version="1.0" encoding="UTF-8"?>
<!-- Generated by org.testng.reporters.JUnitReportReporter -->
<testsuite hostname="Sangamesh123" failures="0" tests="1" name="crudOperaationsWithBDD.DeleteProject" time="6.246" errors="0" timestamp="2022-09-02T15:46:21 IST" skipped="0">
  <testcase classname="crudOperaationsWithBDD.DeleteProject" name="Read" time="6.246"/>
  <system-out/>
</testsuite> <!-- crudOperaationsWithBDD.DeleteProject -->
