<?xml version="1.0" encoding="UTF-8"?>
<!-- Generated by org.testng.reporters.JUnitReportReporter -->
<testsuite hostname="Sangamesh123" failures="0" tests="1" name="swaggerPetstore.Read" time="7.392" errors="0" timestamp="2022-09-06T17:35:45 IST" skipped="0">
  <testcase classname="swaggerPetstore.Read" name="create" time="7.392"/>
  <system-out/>
</testsuite> <!-- swaggerPetstore.Read -->
