<?xml version="1.0" encoding="UTF-8"?>
<!-- Generated by org.testng.reporters.JUnitReportReporter -->
<testsuite hostname="Sangamesh123" failures="0" tests="1" name="UsingPojoClass" time="9.023" errors="0" timestamp="2022-09-02T17:27:48 IST" skipped="0">
  <testcase classname="UsingPojoClass" name="create" time="9.023"/>
  <system-out/>
</testsuite> <!-- UsingPojoClass -->
