<?xml version="1.0" encoding="UTF-8"?>
<!-- Generated by org.testng.reporters.JUnitReportReporter -->
<testsuite hostname="Sangamesh123" failures="0" tests="1" name="RequestChaining.Querypath" time="6.196" errors="0" timestamp="2022-09-06T12:13:28 IST" skipped="0">
  <testcase classname="RequestChaining.Querypath" name="query" time="6.196"/>
  <system-out/>
</testsuite> <!-- RequestChaining.Querypath -->
